[2021-11-05 01:07:59.981] [exthost] [info] extension host started
[2021-11-05 01:07:59.999] [exthost] [error] Error: EEXIST: file already exists, open '/root/.vscode-server/data/User/workspaceStorage/91993eaf1033452246cda339dd51ef3c/vscode.lock'
[2021-11-05 01:08:00.028] [exthost] [info] Lock '/root/.vscode-server/data/User/workspaceStorage/91993eaf1033452246cda339dd51ef3c/vscode.lock': Could not acquire lock, checking if the file is stale.
[2021-11-05 01:08:00.035] [exthost] [info] Lock '/root/.vscode-server/data/User/workspaceStorage/91993eaf1033452246cda339dd51ef3c/vscode.lock': The pid 30840 appears to be gone.
[2021-11-05 01:08:00.035] [exthost] [info] Lock '/root/.vscode-server/data/User/workspaceStorage/91993eaf1033452246cda339dd51ef3c/vscode.lock': Deleting a stale lock.
[2021-11-05 01:08:00.050] [exthost] [info] Lock '/root/.vscode-server/data/User/workspaceStorage/91993eaf1033452246cda339dd51ef3c/vscode.lock': Lock acquired.
[2021-11-05 01:08:00.319] [exthost] [info] ExtensionService#_doActivateExtension vscode.php-language-features, startup: false, activationEvent: 'onLanguage:php'
[2021-11-05 01:08:00.319] [exthost] [info] ExtensionService#loadCommonJSModule file:///root/.vscode-server/bin/6cba118ac49a1b88332f312a8f67186f7f3c1643/extensions/php-language-features/dist/phpMain
[2021-11-05 01:08:00.355] [exthost] [info] ExtensionService#_doActivateExtension vscode.debug-auto-launch, startup: true, activationEvent: '*'
[2021-11-05 01:08:00.355] [exthost] [info] ExtensionService#loadCommonJSModule file:///root/.vscode-server/bin/6cba118ac49a1b88332f312a8f67186f7f3c1643/extensions/debug-auto-launch/dist/extension
[2021-11-05 01:08:00.360] [exthost] [info] ExtensionService#_doActivateExtension vscode.git, startup: true, activationEvent: '*', root cause: vscode.github
[2021-11-05 01:08:00.361] [exthost] [info] ExtensionService#loadCommonJSModule file:///root/.vscode-server/bin/6cba118ac49a1b88332f312a8f67186f7f3c1643/extensions/git/dist/main
[2021-11-05 01:08:01.967] [exthost] [info] ExtensionService#_doActivateExtension vscode.github, startup: true, activationEvent: '*'
[2021-11-05 01:08:01.967] [exthost] [info] ExtensionService#loadCommonJSModule file:///root/.vscode-server/bin/6cba118ac49a1b88332f312a8f67186f7f3c1643/extensions/github/dist/extension.js
[2021-11-05 01:08:02.310] [exthost] [info] ExtensionService#_doActivateExtension vscode.emmet, startup: false, activationEvent: 'onStartupFinished'
[2021-11-05 01:08:02.310] [exthost] [info] ExtensionService#loadCommonJSModule file:///root/.vscode-server/bin/6cba118ac49a1b88332f312a8f67186f7f3c1643/extensions/emmet/dist/node/emmetNodeMain
[2021-11-05 01:08:02.336] [exthost] [info] ExtensionService#_doActivateExtension vscode.merge-conflict, startup: false, activationEvent: 'onStartupFinished'
[2021-11-05 01:08:02.336] [exthost] [info] ExtensionService#loadCommonJSModule file:///root/.vscode-server/bin/6cba118ac49a1b88332f312a8f67186f7f3c1643/extensions/merge-conflict/dist/mergeConflictMain
[2021-11-05 01:08:02.341] [exthost] [info] eager extensions activated
[2021-11-05 01:08:02.602] [exthost] [info] ExtensionService#_doActivateExtension ms-vscode.js-debug, startup: false, activationEvent: 'onCommand:extension.js-debug.clearAutoAttachVariables'
[2021-11-05 01:08:02.602] [exthost] [info] ExtensionService#loadCommonJSModule file:///root/.vscode-server/bin/6cba118ac49a1b88332f312a8f67186f7f3c1643/extensions/ms-vscode.js-debug/src/extension.js
[2021-11-05 04:47:13.417] [exthost] [info] extension host terminating: renderer disconnected for too long (1)
[2021-11-05 04:47:13.417] [exthost] [info] Lock '/root/.vscode-server/data/User/workspaceStorage/91993eaf1033452246cda339dd51ef3c/vscode.lock': Marking the lockfile as scheduled to be released in 6000 ms.
[2021-11-05 04:47:14.424] [exthost] [info] exiting with code 0
