[2021-11-07 01:42:24.819] [exthost] [info] extension host started
[2021-11-07 01:42:24.825] [exthost] [error] Error: EEXIST: file already exists, open '/root/.vscode-server/data/User/workspaceStorage/91993eaf1033452246cda339dd51ef3c/vscode.lock'
[2021-11-07 01:42:24.848] [exthost] [info] Lock '/root/.vscode-server/data/User/workspaceStorage/91993eaf1033452246cda339dd51ef3c/vscode.lock': Could not acquire lock, checking if the file is stale.
[2021-11-07 01:42:24.853] [exthost] [info] Lock '/root/.vscode-server/data/User/workspaceStorage/91993eaf1033452246cda339dd51ef3c/vscode.lock': The pid 47307 appears to be gone.
[2021-11-07 01:42:24.853] [exthost] [info] Lock '/root/.vscode-server/data/User/workspaceStorage/91993eaf1033452246cda339dd51ef3c/vscode.lock': Deleting a stale lock.
[2021-11-07 01:42:24.856] [exthost] [info] Lock '/root/.vscode-server/data/User/workspaceStorage/91993eaf1033452246cda339dd51ef3c/vscode.lock': Lock acquired.
[2021-11-07 01:42:25.177] [exthost] [info] ExtensionService#_doActivateExtension vscode.debug-auto-launch, startup: true, activationEvent: '*'
[2021-11-07 01:42:25.177] [exthost] [info] ExtensionService#loadCommonJSModule file:///root/.vscode-server/bin/6cba118ac49a1b88332f312a8f67186f7f3c1643/extensions/debug-auto-launch/dist/extension
[2021-11-07 01:42:25.211] [exthost] [info] ExtensionService#_doActivateExtension vscode.git, startup: true, activationEvent: '*', root cause: vscode.github
[2021-11-07 01:42:25.211] [exthost] [info] ExtensionService#loadCommonJSModule file:///root/.vscode-server/bin/6cba118ac49a1b88332f312a8f67186f7f3c1643/extensions/git/dist/main
[2021-11-07 01:42:26.652] [exthost] [info] ExtensionService#_doActivateExtension vscode.github, startup: true, activationEvent: '*'
[2021-11-07 01:42:26.652] [exthost] [info] ExtensionService#loadCommonJSModule file:///root/.vscode-server/bin/6cba118ac49a1b88332f312a8f67186f7f3c1643/extensions/github/dist/extension.js
[2021-11-07 01:42:27.003] [exthost] [info] ExtensionService#_doActivateExtension vscode.emmet, startup: false, activationEvent: 'onStartupFinished'
[2021-11-07 01:42:27.003] [exthost] [info] ExtensionService#loadCommonJSModule file:///root/.vscode-server/bin/6cba118ac49a1b88332f312a8f67186f7f3c1643/extensions/emmet/dist/node/emmetNodeMain
[2021-11-07 01:42:27.041] [exthost] [info] ExtensionService#_doActivateExtension vscode.merge-conflict, startup: false, activationEvent: 'onStartupFinished'
[2021-11-07 01:42:27.041] [exthost] [info] ExtensionService#loadCommonJSModule file:///root/.vscode-server/bin/6cba118ac49a1b88332f312a8f67186f7f3c1643/extensions/merge-conflict/dist/mergeConflictMain
[2021-11-07 01:42:27.049] [exthost] [info] eager extensions activated
[2021-11-07 01:42:27.329] [exthost] [info] ExtensionService#_doActivateExtension ms-vscode.js-debug, startup: false, activationEvent: 'onCommand:extension.js-debug.clearAutoAttachVariables'
[2021-11-07 01:42:27.330] [exthost] [info] ExtensionService#loadCommonJSModule file:///root/.vscode-server/bin/6cba118ac49a1b88332f312a8f67186f7f3c1643/extensions/ms-vscode.js-debug/src/extension.js
[2021-11-07 01:45:11.591] [exthost] [info] ExtensionService#_doActivateExtension ms-python.python, startup: false, activationEvent: 'onLanguage:python', root cause: ms-python.vscode-pylance
[2021-11-07 01:45:11.591] [exthost] [info] ExtensionService#loadCommonJSModule file:///root/.vscode-server/extensions/ms-python.python-2021.11.1422169775/out/client/extension
[2021-11-07 01:45:12.010] [exthost] [info] ExtensionService#_doActivateExtension ms-toolsai.jupyter, startup: false, activationEvent: 'onLanguage:python'
[2021-11-07 01:45:12.010] [exthost] [info] ExtensionService#loadCommonJSModule file:///root/.vscode-server/extensions/ms-toolsai.jupyter-2021.9.1101343141/out/client/extension
[2021-11-07 01:45:13.836] [exthost] [info] ExtensionService#_doActivateExtension ms-toolsai.jupyter-renderers, startup: false, activationEvent: 'api', root cause: ms-toolsai.jupyter
[2021-11-07 01:45:13.836] [exthost] [info] ExtensionService#loadCommonJSModule file:///root/.vscode-server/extensions/ms-toolsai.jupyter-renderers-1.0.3/out/extension_renderer/index.js
[2021-11-07 01:45:15.145] [exthost] [info] ExtensionService#_doActivateExtension ms-python.vscode-pylance, startup: false, activationEvent: 'onLanguage:python'
[2021-11-07 01:45:15.145] [exthost] [info] ExtensionService#loadCommonJSModule file:///root/.vscode-server/extensions/ms-python.vscode-pylance-2021.11.0/dist/extension.bundle.js
