[2021-11-07 07:01:49.644] [exthost] [info] extension host started
[2021-11-07 07:01:49.646] [exthost] [error] Error: EEXIST: file already exists, open '/root/.vscode-server/data/User/workspaceStorage/91993eaf1033452246cda339dd51ef3c/vscode.lock'
[2021-11-07 07:01:49.659] [exthost] [info] Lock '/root/.vscode-server/data/User/workspaceStorage/91993eaf1033452246cda339dd51ef3c/vscode.lock': Could not acquire lock, checking if the file is stale.
[2021-11-07 07:01:49.660] [exthost] [info] Lock '/root/.vscode-server/data/User/workspaceStorage/91993eaf1033452246cda339dd51ef3c/vscode.lock': The pid 51206 appears to be gone.
[2021-11-07 07:01:49.660] [exthost] [info] Lock '/root/.vscode-server/data/User/workspaceStorage/91993eaf1033452246cda339dd51ef3c/vscode.lock': Deleting a stale lock.
[2021-11-07 07:01:49.661] [exthost] [info] Lock '/root/.vscode-server/data/User/workspaceStorage/91993eaf1033452246cda339dd51ef3c/vscode.lock': Lock acquired.
[2021-11-07 07:01:49.938] [exthost] [info] ExtensionService#_doActivateExtension ms-python.python, startup: false, activationEvent: 'onLanguage:python', root cause: ms-python.vscode-pylance
[2021-11-07 07:01:49.939] [exthost] [info] ExtensionService#loadCommonJSModule file:///root/.vscode-server/extensions/ms-python.python-2021.11.1422169775/out/client/extension
[2021-11-07 07:01:50.328] [exthost] [info] ExtensionService#_doActivateExtension ms-toolsai.jupyter, startup: false, activationEvent: 'onLanguage:python'
[2021-11-07 07:01:50.328] [exthost] [info] ExtensionService#loadCommonJSModule file:///root/.vscode-server/extensions/ms-toolsai.jupyter-2021.9.1101343141/out/client/extension
[2021-11-07 07:01:50.726] [exthost] [info] ExtensionService#_doActivateExtension vscode.debug-auto-launch, startup: true, activationEvent: '*'
[2021-11-07 07:01:50.726] [exthost] [info] ExtensionService#loadCommonJSModule file:///root/.vscode-server/bin/6cba118ac49a1b88332f312a8f67186f7f3c1643/extensions/debug-auto-launch/dist/extension
[2021-11-07 07:01:50.731] [exthost] [info] ExtensionService#_doActivateExtension vscode.git, startup: true, activationEvent: '*', root cause: vscode.github
[2021-11-07 07:01:50.731] [exthost] [info] ExtensionService#loadCommonJSModule file:///root/.vscode-server/bin/6cba118ac49a1b88332f312a8f67186f7f3c1643/extensions/git/dist/main
[2021-11-07 07:01:51.563] [exthost] [info] ExtensionService#_doActivateExtension vscode.github, startup: true, activationEvent: '*'
[2021-11-07 07:01:51.563] [exthost] [info] ExtensionService#loadCommonJSModule file:///root/.vscode-server/bin/6cba118ac49a1b88332f312a8f67186f7f3c1643/extensions/github/dist/extension.js
[2021-11-07 07:01:51.843] [exthost] [info] ExtensionService#_doActivateExtension vscode.emmet, startup: false, activationEvent: 'onStartupFinished'
[2021-11-07 07:01:51.843] [exthost] [info] ExtensionService#loadCommonJSModule file:///root/.vscode-server/bin/6cba118ac49a1b88332f312a8f67186f7f3c1643/extensions/emmet/dist/node/emmetNodeMain
[2021-11-07 07:01:51.885] [exthost] [info] ExtensionService#_doActivateExtension vscode.merge-conflict, startup: false, activationEvent: 'onStartupFinished'
[2021-11-07 07:01:51.885] [exthost] [info] ExtensionService#loadCommonJSModule file:///root/.vscode-server/bin/6cba118ac49a1b88332f312a8f67186f7f3c1643/extensions/merge-conflict/dist/mergeConflictMain
[2021-11-07 07:01:51.893] [exthost] [info] eager extensions activated
[2021-11-07 07:01:52.540] [exthost] [info] ExtensionService#_doActivateExtension ms-toolsai.jupyter-renderers, startup: false, activationEvent: 'api', root cause: ms-toolsai.jupyter
[2021-11-07 07:01:52.542] [exthost] [info] ExtensionService#loadCommonJSModule file:///root/.vscode-server/extensions/ms-toolsai.jupyter-renderers-1.0.3/out/extension_renderer/index.js
[2021-11-07 07:01:52.927] [exthost] [info] ExtensionService#_doActivateExtension ms-vscode.js-debug, startup: false, activationEvent: 'onCommand:extension.js-debug.clearAutoAttachVariables'
[2021-11-07 07:01:52.927] [exthost] [info] ExtensionService#loadCommonJSModule file:///root/.vscode-server/bin/6cba118ac49a1b88332f312a8f67186f7f3c1643/extensions/ms-vscode.js-debug/src/extension.js
[2021-11-07 07:01:53.800] [exthost] [info] ExtensionService#_doActivateExtension ms-python.vscode-pylance, startup: false, activationEvent: 'onLanguage:python'
[2021-11-07 07:01:53.800] [exthost] [info] ExtensionService#loadCommonJSModule file:///root/.vscode-server/extensions/ms-python.vscode-pylance-2021.11.0/dist/extension.bundle.js
