[up 2.07s] ds-identify 
policy loaded: mode=search report=false found=all maybe=all notfound=disabled
no datasource_list found, using default: MAAS ConfigDrive NoCloud AltCloud Azure Bigstep CloudSigma CloudStack DigitalOcean AliYun Ec2 GCE OpenNebula OpenStack OVF SmartOS Scaleway Hetzner IBMCloud Oracle Exoscale RbxCloud
DMI_PRODUCT_NAME=Droplet
DMI_SYS_VENDOR=DigitalOcean
DMI_PRODUCT_SERIAL=271728189
DMI_PRODUCT_UUID=66c1d805-56dd-4a71-ad20-461deb7da6e7
PID_1_PRODUCT_NAME=unavailable
DMI_CHASSIS_ASSET_TAG=
FS_LABELS=
ISO9660_DEVS=
KERNEL_CMDLINE=BOOT_IMAGE=(hd0,gpt1)/boot/vmlinuz-5.14.14-300.fc35.x86_64 root=UUID=386769a3-cfa5-47c8-8797-d5ec58c9cb6c ro no_timer_check net.ifnames=0 console=tty1 console=ttyS0,115200n8
VIRT=kvm
UNAME_KERNEL_NAME=Linux
UNAME_KERNEL_RELEASE=5.14.14-300.fc35.x86_64
UNAME_KERNEL_VERSION=#1 SMP Wed Oct 20 16:14:50 UTC 2021
UNAME_MACHINE=x86_64
UNAME_NODENAME=jupiter.sandhiguna.com
UNAME_OPERATING_SYSTEM=GNU/Linux
DSNAME=
DSLIST=MAAS ConfigDrive NoCloud AltCloud Azure Bigstep CloudSigma CloudStack DigitalOcean AliYun Ec2 GCE OpenNebula OpenStack OVF SmartOS Scaleway Hetzner IBMCloud Oracle Exoscale RbxCloud
MODE=search
ON_FOUND=all
ON_MAYBE=all
ON_NOTFOUND=disabled
pid=468 ppid=450
is_container=false
is_ds_enabled(IBMCloud) = true.
check for 'DigitalOcean' returned found
ec2 platform is 'Unknown'.
is_ds_enabled(IBMCloud) = true.
Found single datasource: DigitalOcean
[up 2.12s] returning 0
